<?xml version="1.0" encoding="UTF-8"?>
<!-- Generated by org.testng.reporters.JUnitXMLReporter -->
<testsuite hostname="LAPTOP-6H8A5GTK" ignored="0" name="Default test" tests="4" failures="0" timestamp="16 Apr 2017 06:13:59 GMT" time="29.852" errors="0">
  <testcase name="MethodInvalidUserId" time="5.626" classname="com.testcase.LoginTestCase"/>
  <testcase name="MethodLogin" time="5.74" classname="com.testcase.LoginTestCase"/>
  <testcase name="MethodInvalidPassword" time="6.084" classname="com.testcase.LoginTestCase"/>
  <testcase name="MethodInvalidBoth" time="4.787" classname="com.testcase.LoginTestCase"/>
</testsuite> <!-- Default test -->
